Determining if the pthread_create exist failed with the following output:
<<<<<<< HEAD
Change Dir: /home/group1/rover_workspace/build-src-Desktop-Default/CMakeFiles/CMakeTmp

Run Build Command:/usr/bin/make "cmTryCompileExec3925948252/fast"
/usr/bin/make -f CMakeFiles/cmTryCompileExec3925948252.dir/build.make CMakeFiles/cmTryCompileExec3925948252.dir/build
make[1]: Entering directory `/home/group1/rover_workspace/build-src-Desktop-Default/CMakeFiles/CMakeTmp'
/usr/bin/cmake -E cmake_progress_report /home/group1/rover_workspace/build-src-Desktop-Default/CMakeFiles/CMakeTmp/CMakeFiles 1
Building C object CMakeFiles/cmTryCompileExec3925948252.dir/CheckSymbolExists.c.o
/usr/bin/cc    -o CMakeFiles/cmTryCompileExec3925948252.dir/CheckSymbolExists.c.o   -c /home/group1/rover_workspace/build-src-Desktop-Default/CMakeFiles/CMakeTmp/CheckSymbolExists.c
Linking C executable cmTryCompileExec3925948252
/usr/bin/cmake -E cmake_link_script CMakeFiles/cmTryCompileExec3925948252.dir/link.txt --verbose=1
/usr/bin/cc       CMakeFiles/cmTryCompileExec3925948252.dir/CheckSymbolExists.c.o  -o cmTryCompileExec3925948252 -rdynamic 
CMakeFiles/cmTryCompileExec3925948252.dir/CheckSymbolExists.c.o: In function `main':
CheckSymbolExists.c:(.text+0x16): undefined reference to `pthread_create'
collect2: error: ld returned 1 exit status
make[1]: Leaving directory `/home/group1/rover_workspace/build-src-Desktop-Default/CMakeFiles/CMakeTmp'
make[1]: *** [cmTryCompileExec3925948252] Error 1
make: *** [cmTryCompileExec3925948252/fast] Error 2

File /home/group1/rover_workspace/build-src-Desktop-Default/CMakeFiles/CMakeTmp/CheckSymbolExists.c:
=======
Change Dir: /home/group3/rover_workspace/build-src-Desktop-Default/CMakeFiles/CMakeTmp

Run Build Command:/usr/bin/make "cmTryCompileExec1227663572/fast"
/usr/bin/make -f CMakeFiles/cmTryCompileExec1227663572.dir/build.make CMakeFiles/cmTryCompileExec1227663572.dir/build
make[1]: Entering directory `/home/group3/rover_workspace/build-src-Desktop-Default/CMakeFiles/CMakeTmp'
/usr/bin/cmake -E cmake_progress_report /home/group3/rover_workspace/build-src-Desktop-Default/CMakeFiles/CMakeTmp/CMakeFiles 1
Building C object CMakeFiles/cmTryCompileExec1227663572.dir/CheckSymbolExists.c.o
/usr/bin/cc    -o CMakeFiles/cmTryCompileExec1227663572.dir/CheckSymbolExists.c.o   -c /home/group3/rover_workspace/build-src-Desktop-Default/CMakeFiles/CMakeTmp/CheckSymbolExists.c
Linking C executable cmTryCompileExec1227663572
/usr/bin/cmake -E cmake_link_script CMakeFiles/cmTryCompileExec1227663572.dir/link.txt --verbose=1
/usr/bin/cc       CMakeFiles/cmTryCompileExec1227663572.dir/CheckSymbolExists.c.o  -o cmTryCompileExec1227663572 -rdynamic 
CMakeFiles/cmTryCompileExec1227663572.dir/CheckSymbolExists.c.o: In function `main':
CheckSymbolExists.c:(.text+0x16): undefined reference to `pthread_create'
collect2: error: ld returned 1 exit status
make[1]: Leaving directory `/home/group3/rover_workspace/build-src-Desktop-Default/CMakeFiles/CMakeTmp'
make[1]: *** [cmTryCompileExec1227663572] Error 1
make: *** [cmTryCompileExec1227663572/fast] Error 2

File /home/group3/rover_workspace/build-src-Desktop-Default/CMakeFiles/CMakeTmp/CheckSymbolExists.c:
>>>>>>> master
/* */
#include <pthread.h>

int main(int argc, char** argv)
{
  (void)argv;
#ifndef pthread_create
  return ((int*)(&pthread_create))[argc];
#else
  (void)argc;
  return 0;
#endif
}

Determining if the function pthread_create exists in the pthreads failed with the following output:
<<<<<<< HEAD
Change Dir: /home/group1/rover_workspace/build-src-Desktop-Default/CMakeFiles/CMakeTmp

Run Build Command:/usr/bin/make "cmTryCompileExec2565888947/fast"
/usr/bin/make -f CMakeFiles/cmTryCompileExec2565888947.dir/build.make CMakeFiles/cmTryCompileExec2565888947.dir/build
make[1]: Entering directory `/home/group1/rover_workspace/build-src-Desktop-Default/CMakeFiles/CMakeTmp'
/usr/bin/cmake -E cmake_progress_report /home/group1/rover_workspace/build-src-Desktop-Default/CMakeFiles/CMakeTmp/CMakeFiles 1
Building C object CMakeFiles/cmTryCompileExec2565888947.dir/CheckFunctionExists.c.o
/usr/bin/cc   -DCHECK_FUNCTION_EXISTS=pthread_create   -o CMakeFiles/cmTryCompileExec2565888947.dir/CheckFunctionExists.c.o   -c /usr/share/cmake-2.8/Modules/CheckFunctionExists.c
Linking C executable cmTryCompileExec2565888947
/usr/bin/cmake -E cmake_link_script CMakeFiles/cmTryCompileExec2565888947.dir/link.txt --verbose=1
/usr/bin/cc   -DCHECK_FUNCTION_EXISTS=pthread_create    CMakeFiles/cmTryCompileExec2565888947.dir/CheckFunctionExists.c.o  -o cmTryCompileExec2565888947 -rdynamic -lpthreads 
/usr/bin/ld: cannot find -lpthreads
collect2: error: ld returned 1 exit status
make[1]: Leaving directory `/home/group1/rover_workspace/build-src-Desktop-Default/CMakeFiles/CMakeTmp'
make[1]: *** [cmTryCompileExec2565888947] Error 1
make: *** [cmTryCompileExec2565888947/fast] Error 2


Determining if the Q_WS_WIN exist failed with the following output:
Change Dir: /home/group1/rover_workspace/build-src-Desktop-Default/CMakeFiles/CMakeTmp

Run Build Command:/usr/bin/make "cmTryCompileExec1380568276/fast"
/usr/bin/make -f CMakeFiles/cmTryCompileExec1380568276.dir/build.make CMakeFiles/cmTryCompileExec1380568276.dir/build
make[1]: Entering directory `/home/group1/rover_workspace/build-src-Desktop-Default/CMakeFiles/CMakeTmp'
/usr/bin/cmake -E cmake_progress_report /home/group1/rover_workspace/build-src-Desktop-Default/CMakeFiles/CMakeTmp/CMakeFiles 1
Building CXX object CMakeFiles/cmTryCompileExec1380568276.dir/CheckSymbolExists.cxx.o
/usr/bin/c++    -std=c++0x   -I/usr/include/qt4    -o CMakeFiles/cmTryCompileExec1380568276.dir/CheckSymbolExists.cxx.o -c /home/group1/rover_workspace/build-src-Desktop-Default/CMakeFiles/CMakeTmp/CheckSymbolExists.cxx
/home/group1/rover_workspace/build-src-Desktop-Default/CMakeFiles/CMakeTmp/CheckSymbolExists.cxx: In function ‘int main(int, char**)’:
/home/group1/rover_workspace/build-src-Desktop-Default/CMakeFiles/CMakeTmp/CheckSymbolExists.cxx:8:19: error: ‘Q_WS_WIN’ was not declared in this scope
   return ((int*)(&Q_WS_WIN))[argc];
                   ^
make[1]: Leaving directory `/home/group1/rover_workspace/build-src-Desktop-Default/CMakeFiles/CMakeTmp'
make[1]: *** [CMakeFiles/cmTryCompileExec1380568276.dir/CheckSymbolExists.cxx.o] Error 1
make: *** [cmTryCompileExec1380568276/fast] Error 2

File /home/group1/rover_workspace/build-src-Desktop-Default/CMakeFiles/CMakeTmp/CheckSymbolExists.cxx:
=======
Change Dir: /home/group3/rover_workspace/build-src-Desktop-Default/CMakeFiles/CMakeTmp

Run Build Command:/usr/bin/make "cmTryCompileExec887115215/fast"
/usr/bin/make -f CMakeFiles/cmTryCompileExec887115215.dir/build.make CMakeFiles/cmTryCompileExec887115215.dir/build
make[1]: Entering directory `/home/group3/rover_workspace/build-src-Desktop-Default/CMakeFiles/CMakeTmp'
/usr/bin/cmake -E cmake_progress_report /home/group3/rover_workspace/build-src-Desktop-Default/CMakeFiles/CMakeTmp/CMakeFiles 1
Building C object CMakeFiles/cmTryCompileExec887115215.dir/CheckFunctionExists.c.o
/usr/bin/cc   -DCHECK_FUNCTION_EXISTS=pthread_create   -o CMakeFiles/cmTryCompileExec887115215.dir/CheckFunctionExists.c.o   -c /usr/share/cmake-2.8/Modules/CheckFunctionExists.c
Linking C executable cmTryCompileExec887115215
/usr/bin/cmake -E cmake_link_script CMakeFiles/cmTryCompileExec887115215.dir/link.txt --verbose=1
/usr/bin/cc   -DCHECK_FUNCTION_EXISTS=pthread_create    CMakeFiles/cmTryCompileExec887115215.dir/CheckFunctionExists.c.o  -o cmTryCompileExec887115215 -rdynamic -lpthreads 
/usr/bin/ld: cannot find -lpthreads
make[1]: Leaving directory `/home/group3/rover_workspace/build-src-Desktop-Default/CMakeFiles/CMakeTmp'
collect2: error: ld returned 1 exit status
make[1]: *** [cmTryCompileExec887115215] Error 1
make: *** [cmTryCompileExec887115215/fast] Error 2


Determining if the Q_WS_WIN exist failed with the following output:
Change Dir: /home/group3/rover_workspace/build-src-Desktop-Default/CMakeFiles/CMakeTmp

Run Build Command:/usr/bin/make "cmTryCompileExec239974880/fast"
/usr/bin/make -f CMakeFiles/cmTryCompileExec239974880.dir/build.make CMakeFiles/cmTryCompileExec239974880.dir/build
make[1]: Entering directory `/home/group3/rover_workspace/build-src-Desktop-Default/CMakeFiles/CMakeTmp'
/usr/bin/cmake -E cmake_progress_report /home/group3/rover_workspace/build-src-Desktop-Default/CMakeFiles/CMakeTmp/CMakeFiles 1
Building CXX object CMakeFiles/cmTryCompileExec239974880.dir/CheckSymbolExists.cxx.o
/usr/bin/c++    -std=c++0x   -I/usr/include/qt4    -o CMakeFiles/cmTryCompileExec239974880.dir/CheckSymbolExists.cxx.o -c /home/group3/rover_workspace/build-src-Desktop-Default/CMakeFiles/CMakeTmp/CheckSymbolExists.cxx
/home/group3/rover_workspace/build-src-Desktop-Default/CMakeFiles/CMakeTmp/CheckSymbolExists.cxx: In function ‘int main(int, char**)’:
/home/group3/rover_workspace/build-src-Desktop-Default/CMakeFiles/CMakeTmp/CheckSymbolExists.cxx:8:19: error: ‘Q_WS_WIN’ was not declared in this scope
   return ((int*)(&Q_WS_WIN))[argc];
                   ^
make[1]: Leaving directory `/home/group3/rover_workspace/build-src-Desktop-Default/CMakeFiles/CMakeTmp'
make[1]: *** [CMakeFiles/cmTryCompileExec239974880.dir/CheckSymbolExists.cxx.o] Error 1
make: *** [cmTryCompileExec239974880/fast] Error 2

File /home/group3/rover_workspace/build-src-Desktop-Default/CMakeFiles/CMakeTmp/CheckSymbolExists.cxx:
>>>>>>> master
/* */
#include <QtCore/qglobal.h>

int main(int argc, char** argv)
{
  (void)argv;
#ifndef Q_WS_WIN
  return ((int*)(&Q_WS_WIN))[argc];
#else
  (void)argc;
  return 0;
#endif
}

Determining if the Q_WS_QWS exist failed with the following output:
<<<<<<< HEAD
Change Dir: /home/group1/rover_workspace/build-src-Desktop-Default/CMakeFiles/CMakeTmp

Run Build Command:/usr/bin/make "cmTryCompileExec690227052/fast"
/usr/bin/make -f CMakeFiles/cmTryCompileExec690227052.dir/build.make CMakeFiles/cmTryCompileExec690227052.dir/build
make[1]: Entering directory `/home/group1/rover_workspace/build-src-Desktop-Default/CMakeFiles/CMakeTmp'
/usr/bin/cmake -E cmake_progress_report /home/group1/rover_workspace/build-src-Desktop-Default/CMakeFiles/CMakeTmp/CMakeFiles 1
Building CXX object CMakeFiles/cmTryCompileExec690227052.dir/CheckSymbolExists.cxx.o
/usr/bin/c++    -std=c++0x   -I/usr/include/qt4    -o CMakeFiles/cmTryCompileExec690227052.dir/CheckSymbolExists.cxx.o -c /home/group1/rover_workspace/build-src-Desktop-Default/CMakeFiles/CMakeTmp/CheckSymbolExists.cxx
/home/group1/rover_workspace/build-src-Desktop-Default/CMakeFiles/CMakeTmp/CheckSymbolExists.cxx: In function ‘int main(int, char**)’:
/home/group1/rover_workspace/build-src-Desktop-Default/CMakeFiles/CMakeTmp/CheckSymbolExists.cxx:8:19: error: ‘Q_WS_QWS’ was not declared in this scope
   return ((int*)(&Q_WS_QWS))[argc];
                   ^
make[1]: Leaving directory `/home/group1/rover_workspace/build-src-Desktop-Default/CMakeFiles/CMakeTmp'
make[1]: *** [CMakeFiles/cmTryCompileExec690227052.dir/CheckSymbolExists.cxx.o] Error 1
make: *** [cmTryCompileExec690227052/fast] Error 2

File /home/group1/rover_workspace/build-src-Desktop-Default/CMakeFiles/CMakeTmp/CheckSymbolExists.cxx:
=======
Change Dir: /home/group3/rover_workspace/build-src-Desktop-Default/CMakeFiles/CMakeTmp

Run Build Command:/usr/bin/make "cmTryCompileExec3401920786/fast"
/usr/bin/make -f CMakeFiles/cmTryCompileExec3401920786.dir/build.make CMakeFiles/cmTryCompileExec3401920786.dir/build
make[1]: Entering directory `/home/group3/rover_workspace/build-src-Desktop-Default/CMakeFiles/CMakeTmp'
/usr/bin/cmake -E cmake_progress_report /home/group3/rover_workspace/build-src-Desktop-Default/CMakeFiles/CMakeTmp/CMakeFiles 1
Building CXX object CMakeFiles/cmTryCompileExec3401920786.dir/CheckSymbolExists.cxx.o
/usr/bin/c++    -std=c++0x   -I/usr/include/qt4    -o CMakeFiles/cmTryCompileExec3401920786.dir/CheckSymbolExists.cxx.o -c /home/group3/rover_workspace/build-src-Desktop-Default/CMakeFiles/CMakeTmp/CheckSymbolExists.cxx
/home/group3/rover_workspace/build-src-Desktop-Default/CMakeFiles/CMakeTmp/CheckSymbolExists.cxx: In function ‘int main(int, char**)’:
/home/group3/rover_workspace/build-src-Desktop-Default/CMakeFiles/CMakeTmp/CheckSymbolExists.cxx:8:19: error: ‘Q_WS_QWS’ was not declared in this scope
   return ((int*)(&Q_WS_QWS))[argc];
                   ^
make[1]: Leaving directory `/home/group3/rover_workspace/build-src-Desktop-Default/CMakeFiles/CMakeTmp'
make[1]: *** [CMakeFiles/cmTryCompileExec3401920786.dir/CheckSymbolExists.cxx.o] Error 1
make: *** [cmTryCompileExec3401920786/fast] Error 2

File /home/group3/rover_workspace/build-src-Desktop-Default/CMakeFiles/CMakeTmp/CheckSymbolExists.cxx:
>>>>>>> master
/* */
#include <QtCore/qglobal.h>

int main(int argc, char** argv)
{
  (void)argv;
#ifndef Q_WS_QWS
  return ((int*)(&Q_WS_QWS))[argc];
#else
  (void)argc;
  return 0;
#endif
}

Determining if the Q_WS_MAC exist failed with the following output:
<<<<<<< HEAD
Change Dir: /home/group1/rover_workspace/build-src-Desktop-Default/CMakeFiles/CMakeTmp

Run Build Command:/usr/bin/make "cmTryCompileExec22609851/fast"
/usr/bin/make -f CMakeFiles/cmTryCompileExec22609851.dir/build.make CMakeFiles/cmTryCompileExec22609851.dir/build
make[1]: Entering directory `/home/group1/rover_workspace/build-src-Desktop-Default/CMakeFiles/CMakeTmp'
/usr/bin/cmake -E cmake_progress_report /home/group1/rover_workspace/build-src-Desktop-Default/CMakeFiles/CMakeTmp/CMakeFiles 1
Building CXX object CMakeFiles/cmTryCompileExec22609851.dir/CheckSymbolExists.cxx.o
/usr/bin/c++    -std=c++0x   -I/usr/include/qt4    -o CMakeFiles/cmTryCompileExec22609851.dir/CheckSymbolExists.cxx.o -c /home/group1/rover_workspace/build-src-Desktop-Default/CMakeFiles/CMakeTmp/CheckSymbolExists.cxx
/home/group1/rover_workspace/build-src-Desktop-Default/CMakeFiles/CMakeTmp/CheckSymbolExists.cxx: In function ‘int main(int, char**)’:
/home/group1/rover_workspace/build-src-Desktop-Default/CMakeFiles/CMakeTmp/CheckSymbolExists.cxx:8:19: error: ‘Q_WS_MAC’ was not declared in this scope
   return ((int*)(&Q_WS_MAC))[argc];
                   ^
make[1]: Leaving directory `/home/group1/rover_workspace/build-src-Desktop-Default/CMakeFiles/CMakeTmp'
make[1]: *** [CMakeFiles/cmTryCompileExec22609851.dir/CheckSymbolExists.cxx.o] Error 1
make: *** [cmTryCompileExec22609851/fast] Error 2

File /home/group1/rover_workspace/build-src-Desktop-Default/CMakeFiles/CMakeTmp/CheckSymbolExists.cxx:
=======
Change Dir: /home/group3/rover_workspace/build-src-Desktop-Default/CMakeFiles/CMakeTmp

Run Build Command:/usr/bin/make "cmTryCompileExec1039052155/fast"
/usr/bin/make -f CMakeFiles/cmTryCompileExec1039052155.dir/build.make CMakeFiles/cmTryCompileExec1039052155.dir/build
make[1]: Entering directory `/home/group3/rover_workspace/build-src-Desktop-Default/CMakeFiles/CMakeTmp'
/usr/bin/cmake -E cmake_progress_report /home/group3/rover_workspace/build-src-Desktop-Default/CMakeFiles/CMakeTmp/CMakeFiles 1
Building CXX object CMakeFiles/cmTryCompileExec1039052155.dir/CheckSymbolExists.cxx.o
/usr/bin/c++    -std=c++0x   -I/usr/include/qt4    -o CMakeFiles/cmTryCompileExec1039052155.dir/CheckSymbolExists.cxx.o -c /home/group3/rover_workspace/build-src-Desktop-Default/CMakeFiles/CMakeTmp/CheckSymbolExists.cxx
/home/group3/rover_workspace/build-src-Desktop-Default/CMakeFiles/CMakeTmp/CheckSymbolExists.cxx: In function ‘int main(int, char**)’:
/home/group3/rover_workspace/build-src-Desktop-Default/CMakeFiles/CMakeTmp/CheckSymbolExists.cxx:8:19: error: ‘Q_WS_MAC’ was not declared in this scope
   return ((int*)(&Q_WS_MAC))[argc];
                   ^
make[1]: Leaving directory `/home/group3/rover_workspace/build-src-Desktop-Default/CMakeFiles/CMakeTmp'
make[1]: *** [CMakeFiles/cmTryCompileExec1039052155.dir/CheckSymbolExists.cxx.o] Error 1
make: *** [cmTryCompileExec1039052155/fast] Error 2

File /home/group3/rover_workspace/build-src-Desktop-Default/CMakeFiles/CMakeTmp/CheckSymbolExists.cxx:
>>>>>>> master
/* */
#include <QtCore/qglobal.h>

int main(int argc, char** argv)
{
  (void)argv;
#ifndef Q_WS_MAC
  return ((int*)(&Q_WS_MAC))[argc];
#else
  (void)argc;
  return 0;
#endif
}

